<?xml version="1.0" encoding="UTF-8"?>
<testng-results ignored="0" total="10" passed="10" failed="0" skipped="0">
  <reporter-output>
  </reporter-output>
  <suite started-at="2022-01-24T23:41:11 GMT+05:30" name="Default suite" finished-at="2022-01-24T23:44:29 GMT+05:30" duration-ms="197424">
    <groups>
      <group name="cucumber">
        <method signature="AbstractTestNGCucumberTests.runScenario(io.cucumber.testng.PickleWrapper, io.cucumber.testng.FeatureWrapper)[pri:0, instance:com.mindtree.runner.TestRunner@2177849e]" name="runScenario" class="io.cucumber.testng.AbstractTestNGCucumberTests"/>
      </group> <!-- cucumber -->
    </groups>
    <test started-at="2022-01-24T23:41:11 GMT+05:30" name="Default test" finished-at="2022-01-24T23:44:29 GMT+05:30" duration-ms="197424">
      <class name="com.mindtree.runner.TestRunner">
        <test-method is-config="true" signature="setUpClass(org.testng.ITestContext)[pri:0, instance:com.mindtree.runner.TestRunner@2177849e]" started-at="2022-01-24T23:41:11 GMT+05:30" name="setUpClass" finished-at="2022-01-24T23:41:12 GMT+05:30" duration-ms="910" status="PASS">
          <params>
            <param index="0">
              <value>
                <![CDATA[org.testng.TestRunner@dae5e0]]>
              </value>
            </param>
          </params>
          <reporter-output>
          </reporter-output>
        </test-method> <!-- setUpClass -->
        <test-method signature="runScenario(io.cucumber.testng.PickleWrapper, io.cucumber.testng.FeatureWrapper)[pri:0, instance:com.mindtree.runner.TestRunner@2177849e]" started-at="2022-01-24T23:41:12 GMT+05:30" name="runScenario" description="Runs Cucumber Scenarios" data-provider="scenarios" finished-at="2022-01-24T23:41:42 GMT+05:30" duration-ms="29843" status="PASS">
          <params>
            <param index="0">
              <value>
                <![CDATA["Airport cab services"]]>
              </value>
            </param>
            <param index="1">
              <value>
                <![CDATA["Optional[Airport]"]]>
              </value>
            </param>
          </params>
          <reporter-output>
          </reporter-output>
        </test-method> <!-- runScenario -->
        <test-method signature="runScenario(io.cucumber.testng.PickleWrapper, io.cucumber.testng.FeatureWrapper)[pri:0, instance:com.mindtree.runner.TestRunner@2177849e]" started-at="2022-01-24T23:41:42 GMT+05:30" name="runScenario" description="Runs Cucumber Scenarios" data-provider="scenarios" finished-at="2022-01-24T23:42:09 GMT+05:30" duration-ms="27543" status="PASS">
          <params>
            <param index="0">
              <value>
                <![CDATA["Airport cab services"]]>
              </value>
            </param>
            <param index="1">
              <value>
                <![CDATA["Optional[Airport]"]]>
              </value>
            </param>
          </params>
          <reporter-output>
          </reporter-output>
        </test-method> <!-- runScenario -->
        <test-method signature="runScenario(io.cucumber.testng.PickleWrapper, io.cucumber.testng.FeatureWrapper)[pri:0, instance:com.mindtree.runner.TestRunner@2177849e]" started-at="2022-01-24T23:42:09 GMT+05:30" name="runScenario" description="Runs Cucumber Scenarios" data-provider="scenarios" finished-at="2022-01-24T23:42:32 GMT+05:30" duration-ms="22513" status="PASS">
          <params>
            <param index="0">
              <value>
                <![CDATA["Local cab services"]]>
              </value>
            </param>
            <param index="1">
              <value>
                <![CDATA["Optional[Local path]"]]>
              </value>
            </param>
          </params>
          <reporter-output>
          </reporter-output>
        </test-method> <!-- runScenario -->
        <test-method signature="runScenario(io.cucumber.testng.PickleWrapper, io.cucumber.testng.FeatureWrapper)[pri:0, instance:com.mindtree.runner.TestRunner@2177849e]" started-at="2022-01-24T23:42:32 GMT+05:30" name="runScenario" description="Runs Cucumber Scenarios" data-provider="scenarios" finished-at="2022-01-24T23:42:53 GMT+05:30" duration-ms="20793" status="PASS">
          <params>
            <param index="0">
              <value>
                <![CDATA["Validating Text is displayed after filling the fields"]]>
              </value>
            </param>
            <param index="1">
              <value>
                <![CDATA["Optional[Corporate car Rental under services]"]]>
              </value>
            </param>
          </params>
          <reporter-output>
          </reporter-output>
        </test-method> <!-- runScenario -->
        <test-method signature="runScenario(io.cucumber.testng.PickleWrapper, io.cucumber.testng.FeatureWrapper)[pri:0, instance:com.mindtree.runner.TestRunner@2177849e]" started-at="2022-01-24T23:42:53 GMT+05:30" name="runScenario" description="Runs Cucumber Scenarios" data-provider="scenarios" finished-at="2022-01-24T23:42:58 GMT+05:30" duration-ms="5374" status="PASS">
          <params>
            <param index="0">
              <value>
                <![CDATA["Title of homepage validation"]]>
              </value>
            </param>
            <param index="1">
              <value>
                <![CDATA["Optional[Homepage]"]]>
              </value>
            </param>
          </params>
          <reporter-output>
          </reporter-output>
        </test-method> <!-- runScenario -->
        <test-method signature="runScenario(io.cucumber.testng.PickleWrapper, io.cucumber.testng.FeatureWrapper)[pri:0, instance:com.mindtree.runner.TestRunner@2177849e]" started-at="2022-01-24T23:42:58 GMT+05:30" name="runScenario" description="Runs Cucumber Scenarios" data-provider="scenarios" finished-at="2022-01-24T23:43:09 GMT+05:30" duration-ms="11256" status="PASS">
          <params>
            <param index="0">
              <value>
                <![CDATA["CEO Validation"]]>
              </value>
            </param>
            <param index="1">
              <value>
                <![CDATA["Optional[Homepage]"]]>
              </value>
            </param>
          </params>
          <reporter-output>
          </reporter-output>
        </test-method> <!-- runScenario -->
        <test-method signature="runScenario(io.cucumber.testng.PickleWrapper, io.cucumber.testng.FeatureWrapper)[pri:0, instance:com.mindtree.runner.TestRunner@2177849e]" started-at="2022-01-24T23:43:09 GMT+05:30" name="runScenario" description="Runs Cucumber Scenarios" data-provider="scenarios" finished-at="2022-01-24T23:43:30 GMT+05:30" duration-ms="20599" status="PASS">
          <params>
            <param index="0">
              <value>
                <![CDATA["Validating the North route"]]>
              </value>
            </param>
            <param index="1">
              <value>
                <![CDATA["Optional[One way cab]"]]>
              </value>
            </param>
          </params>
          <reporter-output>
          </reporter-output>
        </test-method> <!-- runScenario -->
        <test-method signature="runScenario(io.cucumber.testng.PickleWrapper, io.cucumber.testng.FeatureWrapper)[pri:0, instance:com.mindtree.runner.TestRunner@2177849e]" started-at="2022-01-24T23:43:30 GMT+05:30" name="runScenario" description="Runs Cucumber Scenarios" data-provider="scenarios" finished-at="2022-01-24T23:43:54 GMT+05:30" duration-ms="24484" status="PASS">
          <params>
            <param index="0">
              <value>
                <![CDATA["Outstaion cab services"]]>
              </value>
            </param>
            <param index="1">
              <value>
                <![CDATA["Optional[Outsation path]"]]>
              </value>
            </param>
          </params>
          <reporter-output>
          </reporter-output>
        </test-method> <!-- runScenario -->
        <test-method signature="runScenario(io.cucumber.testng.PickleWrapper, io.cucumber.testng.FeatureWrapper)[pri:0, instance:com.mindtree.runner.TestRunner@2177849e]" started-at="2022-01-24T23:43:54 GMT+05:30" name="runScenario" description="Runs Cucumber Scenarios" data-provider="scenarios" finished-at="2022-01-24T23:44:21 GMT+05:30" duration-ms="26618" status="PASS">
          <params>
            <param index="0">
              <value>
                <![CDATA["Outstaion cab services"]]>
              </value>
            </param>
            <param index="1">
              <value>
                <![CDATA["Optional[Outsation path]"]]>
              </value>
            </param>
          </params>
          <reporter-output>
          </reporter-output>
        </test-method> <!-- runScenario -->
        <test-method signature="runScenario(io.cucumber.testng.PickleWrapper, io.cucumber.testng.FeatureWrapper)[pri:0, instance:com.mindtree.runner.TestRunner@2177849e]" started-at="2022-01-24T23:44:21 GMT+05:30" name="runScenario" description="Runs Cucumber Scenarios" data-provider="scenarios" finished-at="2022-01-24T23:44:28 GMT+05:30" duration-ms="7282" status="PASS">
          <params>
            <param index="0">
              <value>
                <![CDATA["Checking Login"]]>
              </value>
            </param>
            <param index="1">
              <value>
                <![CDATA["Optional[Login Validation]"]]>
              </value>
            </param>
          </params>
          <reporter-output>
          </reporter-output>
        </test-method> <!-- runScenario -->
        <test-method is-config="true" signature="tearDownClass()[pri:0, instance:com.mindtree.runner.TestRunner@2177849e]" started-at="2022-01-24T23:44:28 GMT+05:30" name="tearDownClass" finished-at="2022-01-24T23:44:29 GMT+05:30" duration-ms="139" status="PASS">
          <reporter-output>
          </reporter-output>
        </test-method> <!-- tearDownClass -->
      </class> <!-- com.mindtree.runner.TestRunner -->
    </test> <!-- Default test -->
  </suite> <!-- Default suite -->
</testng-results>
